<?xml version="1.0" encoding="UTF-8"?>
<testsuite xmlns:xsi="http://www.w3.org/2001/XMLSchema-instance" xsi:noNamespaceSchemaLocation="https://maven.apache.org/surefire/maven-surefire-plugin/xsd/surefire-test-report.xsd" name="api.DailyTechTest" time="0.159" tests="1" errors="1" skipped="0" failures="0">
  <properties>
[...]
</properties>
  <testcase name="testAll" classname="api.DailyTechTest" time="0.158">
    <error message="mismatched input &apos;&lt;EOF&gt;&apos; expecting {FEATURE_TAGS, FEATURE}" type="java.lang.RuntimeException"><![CDATA[java.lang.RuntimeException: mismatched input '<EOF>' expecting {FEATURE_TAGS, FEATURE}
]]></error>
    <system-out><![CDATA[19:10:39.013 [main] ERROR com.intuit.karate.core.FeatureParser - syntax error: mismatched input '<EOF>' expecting {FEATURE_TAGS, FEATURE}
19:10:39.015 [main] ERROR com.intuit.karate.core.FeatureParser - not a valid feature file: classpath:api/posts/posts.feature - mismatched input '<EOF>' expecting {FEATURE_TAGS, FEATURE}
]]></system-out>
    <system-err><![CDATA[line 44:2 mismatched input '<EOF>' expecting {FEATURE_TAGS, FEATURE}
]]></system-err>
  </testcase>
</testsuite>